<?xml version="1.0" encoding="UTF-8"?>
<!-- Generated by org.testng.reporters.JUnitReportReporter -->
<testsuite skipped="0" hostname="vijay" name="OpenGlobe.GermanySVMX.TestCases" tests="1" failures="0" timestamp="26 Sep 2019 10:01:37 GMT" time="398.668" errors="0">
  <testcase name="PSSFRCFNAC01" time="398.668" classname="OpenGlobe.GermanySVMX.TestCases"/>
</testsuite> <!-- OpenGlobe.GermanySVMX.TestCases -->
